0 info it worked if it ends with ok
1 verbose cli [ '/usr/local/bin/node', '/usr/local/bin/npm', 'run', 'build' ]
2 info using npm@3.7.3
3 info using node@v5.0.0
4 verbose run-script [ 'prebuild', 'build', 'postbuild' ]
5 info lifecycle beautifulsky-frontend@0.0.0~prebuild: beautifulsky-frontend@0.0.0
6 silly lifecycle beautifulsky-frontend@0.0.0~prebuild: no script for prebuild, continuing
7 info lifecycle beautifulsky-frontend@0.0.0~build: beautifulsky-frontend@0.0.0
8 verbose lifecycle beautifulsky-frontend@0.0.0~build: unsafe-perm in lifecycle true
9 verbose lifecycle beautifulsky-frontend@0.0.0~build: PATH: /usr/local/lib/node_modules/npm/bin/node-gyp-bin:/Users/alvinsj/Development/github/beautifulsky-frontend/node_modules/.bin:/usr/local/bin:/Users/alvinsj/.rbenv/shims:/usr/local/bin:/Applications/Eclipse/sdk/tools:/Applications/Eclipse/sdk/platform-tools:/Applications/Eclipse/sdk/build-tools/android-4.4:/Users/alvinsj/.nvm/versions/node/v5.9.0/bin:/Users/alvinsj/Library/Android/sdk/platform-tools:/usr/local/sbin:/usr/local/heroku/bin:/Users/alvinsj/Development/github/go/bin:/Users/alvinsj/Development/github/go_appengine:/Applications/neo4j-community-2.2.5/bin:/Applications/Postgres.app/Contents/Versions/9.4/bin:/usr/local/mysql/bin:/usr/local/lib/node_modules/:/Users/alvinsj/.rbenv/bin:/usr/local/bin:/usr/bin:/bin:/usr/sbin:/sbin:/opt/X11/bin:/usr/local/go/bin:/usr/local/MacGPG2/bin:/Users/alvinsj/.rbenv/shims:/Applications/Eclipse/sdk/tools:/Applications/Eclipse/sdk/platform-tools:/Applications/Eclipse/sdk/build-tools/android-4.4:/Users/alvinsj/Library/Android/sdk/platform-tools:/usr/local/sbin:/usr/local/heroku/bin:/Users/alvinsj/Development/github/go/bin:/Users/alvinsj/Development/github/go_appengine:/Applications/neo4j-community-2.2.5/bin:/Applications/Postgres.app/Contents/Versions/9.4/bin:/usr/local/mysql/bin:/usr/local/lib/node_modules/:/Users/alvinsj/.rbenv/bin
10 verbose lifecycle beautifulsky-frontend@0.0.0~build: CWD: /Users/alvinsj/Development/github/beautifulsky-frontend
11 silly lifecycle beautifulsky-frontend@0.0.0~build: Args: [ '-c', 'gulp react' ]
12 silly lifecycle beautifulsky-frontend@0.0.0~build: Returned: code: 1  signal: null
13 info lifecycle beautifulsky-frontend@0.0.0~build: Failed to exec build script
14 verbose stack Error: beautifulsky-frontend@0.0.0 build: `gulp react`
14 verbose stack Exit status 1
14 verbose stack     at EventEmitter.<anonymous> (/usr/local/lib/node_modules/npm/lib/utils/lifecycle.js:239:16)
14 verbose stack     at emitTwo (events.js:87:13)
14 verbose stack     at EventEmitter.emit (events.js:172:7)
14 verbose stack     at ChildProcess.<anonymous> (/usr/local/lib/node_modules/npm/lib/utils/spawn.js:24:14)
14 verbose stack     at emitTwo (events.js:87:13)
14 verbose stack     at ChildProcess.emit (events.js:172:7)
14 verbose stack     at maybeClose (internal/child_process.js:818:16)
14 verbose stack     at Process.ChildProcess._handle.onexit (internal/child_process.js:211:5)
15 verbose pkgid beautifulsky-frontend@0.0.0
16 verbose cwd /Users/alvinsj/Development/github/beautifulsky-frontend
17 error Darwin 15.5.0
18 error argv "/usr/local/bin/node" "/usr/local/bin/npm" "run" "build"
19 error node v5.0.0
20 error npm  v3.7.3
21 error code ELIFECYCLE
22 error beautifulsky-frontend@0.0.0 build: `gulp react`
22 error Exit status 1
23 error Failed at the beautifulsky-frontend@0.0.0 build script 'gulp react'.
23 error Make sure you have the latest version of node.js and npm installed.
23 error If you do, this is most likely a problem with the beautifulsky-frontend package,
23 error not with npm itself.
23 error Tell the author that this fails on your system:
23 error     gulp react
23 error You can get information on how to open an issue for this project with:
23 error     npm bugs beautifulsky-frontend
23 error Or if that isn't available, you can get their info via:
23 error     npm owner ls beautifulsky-frontend
23 error There is likely additional logging output above.
24 verbose exit [ 1, true ]
